<?xml version="1.0" encoding="UTF-8"?>
<!-- Generated by org.testng.reporters.JUnitReportReporter -->
<testsuite hostname="rdiaz-XPS-15-9550" failures="0" tests="2" name="com.rdiaz.training.testng.CalcTest" time="0.004" errors="0" timestamp="23 Jun 2022 23:16:30 GMT" skipped="0">
  <testcase classname="com.rdiaz.training.testng.CalcTest" name="addTest" time="0.004"/>
  <testcase classname="com.rdiaz.training.testng.CalcTest" name="subtractTest" time="0.000"/>
</testsuite> <!-- com.rdiaz.training.testng.CalcTest -->
